c:\users\montraydavis\desktop\bigdata\debug\vc140.pdb
c:\users\montraydavis\desktop\bigdata\debug\vc140.idb
c:\users\montraydavis\desktop\bigdata\debug\keen.obj
c:\users\montraydavis\desktop\carrotskeenio\bigdata\debug\vc140.pdb
c:\users\montraydavis\desktop\carrotskeenio\bigdata\debug\vc140.idb
c:\users\montraydavis\desktop\carrotskeenio\bigdata\debug\keen.obj
c:\users\montraydavis\desktop\carrots_keenio\bigdata\debug\vc140.pdb
c:\users\montraydavis\desktop\carrots_keenio\bigdata\debug\vc140.idb
c:\users\montraydavis\desktop\carrots_keenio\bigdata\debug\keen.obj
c:\users\montraydavis\desktop\carrotskeenio\debug\bigdata.ilk
c:\users\montraydavis\desktop\carrotskeenio\debug\bigdata.exe
c:\users\montraydavis\desktop\carrotskeenio\debug\bigdata.pdb
c:\users\montraydavis\desktop\carrots_keenio\debug\bigdata.ilk
c:\users\montraydavis\desktop\carrots_keenio\debug\bigdata.exe
c:\users\montraydavis\desktop\carrots_keenio\debug\bigdata.pdb
c:\users\montraydavis\desktop\carrots_keenio\bigdata\debug\bigdata.vcxprojresolveassemblyreference.cache
c:\users\montraydavis\desktop\carrots_keenio\bigdata\debug\bigdata.tlog\cl.command.1.tlog
c:\users\montraydavis\desktop\carrots_keenio\bigdata\debug\bigdata.tlog\cl.read.1.tlog
c:\users\montraydavis\desktop\carrots_keenio\bigdata\debug\bigdata.tlog\cl.write.1.tlog
c:\users\montraydavis\desktop\carrots_keenio\bigdata\debug\bigdata.tlog\link.command.1.tlog
c:\users\montraydavis\desktop\carrots_keenio\bigdata\debug\bigdata.tlog\link.read.1.tlog
c:\users\montraydavis\desktop\carrots_keenio\bigdata\debug\bigdata.tlog\link.write.1.tlog
